Unity Player [version: Unity 5.5.0f3_38b4efef76f0]

LabCurrentProgram.exe caused an Access Violation (0xc0000005)
  in module LabCurrentProgram.exe at 0023:009acd0f.

Error occurred at 2017-01-25_132604.
D:\UnityProjects\LaboratorySimulation\Instances\master\LabCurrentProgram.exe, run by Rift.
37% memory in use.
0 MB physical memory [0 MB free].
0 MB paging file [0 MB free].
0 MB user address space [1227 MB free].
Write to location 0000010e caused an access violation.

Context:
EDI:    0x1a85722c  ESI: 0x00000000  EAX:   0x1a857230
EBX:    0x00000000  ECX: 0x00000000  EDX:   0xffffffff
EIP:    0x009acd0f  EBP: 0x01f3660c  SegCs: 0x00000023
EFlags: 0x00210286  ESP: 0x01f36608  SegSs: 0x0000002b

Bytes at CS:EIP:
66 89 8b 0e 01 00 00 0b ca 56 33 c0 66 89 93 0c 

Stack:
0x01f36608: 13385938 01f36660 00ac2ed0 1a85722c 8Y8.`f......,r..
0x01f36618: 1a857230 00000000 00000000 0000000c 0r..............
0x01f36628: 13385938 00000000 1336b080 0000093d 8Y8.......6.=...
0x01f36638: 00000cad 00000000 1336e3a0 04725400 ..........6..Tr.
0x01f36648: 04725400 1a828680 00000000 1a857210 .Tr..........r..
0x01f36658: 00000000 01000000 01f366bc 009f1382 .........f......
0x01f36668: 00385938 1a433fb0 009f0ea0 009f11e0 8Y8..?C.........
0x01f36678: 00ac2d70 009f11e0 00acbc40 009f11e0 p-......@.......
0x01f36688: 009f11e0 009f11e0 009f11e0 009f11e0 ................
0x01f36698: 009f11e0 009f11e0 009f11e0 009f11e0 ................
0x01f366a8: 009f11e0 009f11e0 009f11e0 0004019b ................
0x01f366b8: 00000001 01f366d4 009f13eb 13385920 .....f...... Y8.
0x01f366c8: 00000000 0004019b 049ebcf0 01f36704 .............g..
0x01f366d8: 00af7787 13385920 00000000 1a433fb0 .w.. Y8......?C.
0x01f366e8: 03fa70d0 049ebcf0 03fa70d0 00000000 .p.......p......
0x01f366f8: 049ebcf0 13385920 00fae50a 01f36728 .... Y8.....(g..
0x01f36708: 00af6e06 1a433fb0 00480f70 00000001 .n...?C.p.H.....
0x01f36718: 00000000 049ebcf0 03fa70d0 ffffffff .........p......
0x01f36728: 01f36760 00af7af9 049ebcf0 00433fb0 `g...z.......?C.
0x01f36738: 00480f6e 00000001 00000001 00000000 n.H.............
0x01f36748: 13385df8 16a1b7a0 00000000 049ebcf0 .]8.............
0x01f36758: 00480f6e 019f165e 01f36778 00af670c n.H.^...xg...g..
0x01f36768: 049ebcf0 00480f70 00000000 13385920 ....p.H..... Y8.
0x01f36778: 01f36788 009f1695 13385df8 01f3e950 .g.......]8.P...
0x01f36788: 01f367a8 009f172a 13385920 13375798 .g..*... Y8..W7.
0x01f36798: 01f3ed90 01f3e960 1336e3a0 00000003 ....`.....6.....
0x01f367a8: 01f3e924 009bdc9e 01f3e950 00000003 $.......P.......
0x01f367b8: 13375798 00000004 009b7821 00000000 .W7.....!x......
0x01f367c8: 16a1b7a0 01f3f5f4 00000000 00000001 ................
0x01f367d8: 00000000 00000000 00000001 017bdac0 ..............{.
0x01f367e8: 00000000 00000000 00000000 00000000 ................
0x01f367f8: 00000000 00000000 00000000 00000000 ................
0x01f36808: 00000000 00000000 00000000 00000000 ................
0x01f36818: 00000000 00000000 00000000 00000000 ................
0x01f36828: 00000000 00000000 00000000 00000000 ................
0x01f36838: 00000000 00000000 00000000 00000000 ................
0x01f36848: 00000000 00000000 00000000 00000000 ................
0x01f36858: 00000000 00000000 00000000 00000000 ................
0x01f36868: 00000000 00000000 00000000 00000000 ................
0x01f36878: 00000000 00000000 00000000 00000000 ................
0x01f36888: 00000000 00000000 00000000 00000000 ................
0x01f36898: 040045b0 10000000 00000000 00000000 .E..............
0x01f368a8: 00000000 00000000 01f36938 00b8ee47 ........8i..G...
0x01f368b8: 01f368cc 01f368ec 04517240 045172f0 .h...h..@rQ..rQ.
0x01f368c8: 045172f0 00000000 01f36980 04017d70 .rQ......i..p}..
0x01f368d8: 01f36928 0452a460 03fb1be0 01f36980 (i..`.R......i..
0x01f368e8: 01f3692c 00bd46e3 044e8e4c 043cadf0 ,i...F..L.N...<.
0x01f368f8: 00000005 00000002 044db1a0 00000000 ..........M.....
0x01f36908: 01f369f0 0452a460 04529c90 03fa8f30 .i..`.R...R.0...
0x01f36918: 01f30000 00000000 00000000 00000000 ................
0x01f36928: 01f369f0 01f36964 00bd4b8d 00000000 .i..di...K......
0x01f36938: 00000000 01f36948 0452a440 00000000 ....Hi..@.R.....
0x01f36948: 00000000 00000000 00000039 0452a480 ........9.....R.
0x01f36958: 00000000 00000010 00000001 01f36994 .............i..
0x01f36968: 00bd557c 0452a480 00000002 fffffff0 |U....R.........
0x01f36978: 01f3698c 010867f1 0692e04c 0692e004 .i...g..L.......
0x01f36988: 00000034 03d655b0 00000034 04035f90 4....U..4...._..
0x01f36998: 00000689 03d655b0 01f369b8 00980a5d .....U...i..]...
0x01f369a8: 00000034 019b4ce0 00000034 019b4a50 4....L..4...PJ..
0x01f369b8: 01f369d0 00980ce5 04035f90 00000010 .i......._......
0x01f369c8: 00000010 019b38b0 01f36a08 009832b3 .....8...j...2..
0x01f369d8: 00000034 00000010 03fa7724 0692e020 4.......$w.. ...
0x01f369e8: 00000000 00000000 00000010 03d65490 .............T..
0x01f369f8: 00000010 03ff7420 0000289b 03d65490 .... t...(...T..
0x01f36a08: 01f36a20 00980a5d 00000010 019b4b80  j..]........K..
0x01f36a18: 00000010 019b4a50 01f36a38 00980ce5 ....PJ..8j......
0x01f36a28: 03ff7420 00000010 00000010 019b38b0  t...........8..
0x01f36a38: 01f36a70 009832b3 00000010 00000010 pj...2..........
0x01f36a48: 00000001 01f36a7c 00ac59af 03fb67f4 ....|j...Y...g..
0x01f36a58: 03ff7420 01f36b28 03ff7420 00000001  t..(k.. t......
0x01f36a68: 00000001 03fb67e8 00000001 01f36a68 .....g......hj..
0x01f36a78: 01f36ae0 0178e890 ffffffff 01f36aa4 .j....x......j..
0x01f36a88: 00ac5b1e 00000000 00000000 03ff7430 .[..........0t..
0x01f36a98: 03fb67f4 00000000 03ff7430 01f36aec .g......0t...j..
0x01f36aa8: 00ac5cf7 00000000 00000000 03ff7430 .\..........0t..
0x01f36ab8: 03fb67e8 00000000 00000000 02002800 .g...........(..
0x01f36ac8: 00000000 00000000 00000000 00000000 ................
0x01f36ad8: 00000002 01f36ab8 01f3fdac 0178e8a0 .....j........x.
0x01f36ae8: 01f36b18 00bd0afc 03fb67f8 0000000d .k.......g......
0x01f36af8: 0000000d 00000000 01f36b4c 00ac60b2 ........Lk...`..
0x01f36b08: 03ff7420 03ff7430 01f36b38 00000000  t..0t..8k......
0x01f36b18: 00000000 04461288 0000000d 01f36bdc ......F......k..
0x01f36b28: 01f36bdc 04461288 03fa7f90 01f36b54 .k....F.....Tk..
0x01f36b38: 0000000d 00000000 01f36b78 03fb67e4 ........xk...g..
0x01f36b48: 03fb67bc 01f36b78 00ac3876 00000000 .g..xk..v8......
0x01f36b58: 0692ccc0 00000400 00000010 019b38b0 .............8..
0x01f36b68: 01f36c28 00983154 00000400 00000010 (l..T1..........
0x01f36b78: 00000400 00000004 00000000 01f36bb4 .............k..
0x01f36b88: 00a16eb2 00000003 0446b628 0447c7b0 .n......(.F...G.
0x01f36b98: 01f37054 00a16eb2 01f36bec 01f36c5c Tp...n...k..\l..
0x01f36ba8: 00a16ba4 00000021 00000003 00000000 .k..!...........
0x01f36bb8: 01f36c64 0446b628 0447c7b0 0447c550 dl..(.F...G.P.G.
0x01f36bc8: 00000021 3f800000 00000000 00000000 !......?........
0x01f36bd8: 00000000 7f800000 7f800000 7f800000 ................
0x01f36be8: 3f800000 00000000 00000000 00000000 ...?............
0x01f36bf8: 00000000 3f800000 00000000 00000000 .......?........
0x01f36c08: 00000000 00000000 3f800000 00000000 ...........?....
0x01f36c18: 00000000 00000000 01f36c38 00983de9 ........8l...=..
0x01f36c28: 03e76040 0447c7b0 03e76040 019b38b0 @`....G.@`...8..
0x01f36c38: 01f36c4c 00982a47 03e76040 0446b628 Ll..G*..@`..(.F.
0x01f36c48: 00000000 01f36c5c 00000000 0447c7b0 ....\l........G.
0x01f36c58: 01f36c68 00982ea2 00000000 00000001 hl..............
0x01f36c68: 01f370e8 00a155fc 00000000 00000001 .p...U..........
0x01f36c78: 00000000 00000000 00000000 7f800000 ................
0x01f36c88: 7f800000 7f800000 0000001d 3f800000 ...............?
0x01f36c98: 3f800000 00000000 00000000 00000000 ...?............
0x01f36ca8: 00000000 00000000 00000000 00000000 ................
0x01f36cb8: 00000000 00000000 7f800000 7f800000 ................
0x01f36cc8: 7f800000 0000001d 3f800000 3f800000 ...........?...?
0x01f36cd8: 00000000 00000000 00000000 00000000 ................
0x01f36ce8: 00000000 00000000 00000000 00000000 ................
0x01f36cf8: 00000000 00000000 00000000 00000000 ................
0x01f36d08: 00000000 00000000 00000000 00000000 ................
0x01f36d18: 00000000 00000000 00000000 00000000 ................
0x01f36d28: 00000000 00000000 00000000 00000000 ................
0x01f36d38: 00000000 00000000 00000000 00000000 ................
0x01f36d48: 00000000 00000000 00000000 00000000 ................
0x01f36d58: 00000000 00000000 00000000 00000000 ................
0x01f36d68: 00000000 00000000 01f370e7 01f36f38 .........p..8o..
0x01f36d78: 00000000 00000000 00000000 00000000 ................
0x01f36d88: 00000000 00000000 00000000 00000000 ................
0x01f36d98: 00000000 00000000 00000000 00000000 ................
0x01f36da8: 00000000 00000000 00000000 00000000 ................
0x01f36db8: 00000000 00000000 00000000 00000000 ................
0x01f36dc8: 00000000 00000000 00000000 00000000 ................
0x01f36dd8: 00000000 00000000 00000000 00000000 ................
0x01f36de8: 00000000 00000000 00000000 00000021 ............!...
0x01f36df8: 3f800000 00000000 00000000 00000000 ...?............
0x01f36e08: 7f800000 7f800000 7f800000 3f800000 ...............?
0x01f36e18: 00000000 00000000 00000000 00000000 ................
0x01f36e28: 3f800000 00000000 00000000 00000000 ...?............
0x01f36e38: 00000000 3f800000 00000000 00000000 .......?........
0x01f36e48: 00000000 00000000 3f800000 00000001 ...........?....
0x01f36e58: 00000000 00000000 00000000 00000000 ................
0x01f36e68: 00000000 00000000 00000000 00000000 ................
0x01f36e78: 00000000 00000000 00000000 00000000 ................
0x01f36e88: 00000000 00000000 00000000 00000000 ................
0x01f36e98: 00000000 00000000 00000000 00000000 ................
0x01f36ea8: 00000000 00000000 00000000 00000000 ................
0x01f36eb8: 00000000 00000000 00000000 00000000 ................
0x01f36ec8: 00000000 00000000 00000000 00000000 ................
0x01f36ed8: 00000000 00000000 00000000 00000000 ................
0x01f36ee8: 00000000 00000000 00000000 00000000 ................
0x01f36ef8: 00000000 00000000 00000000 00000000 ................
0x01f36f08: 00000000 00000000 00000000 00000000 ................
0x01f36f18: 00000000 00000000 00000000 00000000 ................
0x01f36f28: 00000000 00000000 01f36f38 01f370e7 ........8o...p..
0x01f36f38: 04c52708 04c52700 017be2b8 00000001 .'...'....{.....
0x01f36f48: 00000000 00000000 00000000 00000000 ................
0x01f36f58: 00000000 00000000 00000000 00000001 ................
0x01f36f68: 00000000 00000000 00000000 00000001 ................
0x01f36f78: 00000000 00000000 00000000 00000001 ................
0x01f36f88: 00000000 00000000 00000000 00000000 ................
0x01f36f98: 00000001 00000001 00000000 00000001 ................
0x01f36fa8: 00000000 00000000 00000000 00000001 ................
0x01f36fb8: 00000000 00000080 00000101 01f370e7 .............p..
0x01f36fc8: 0446b628 00000000 00000000 00000000 (.F.............
0x01f36fd8: 00000000 0446b620 00000000 00000000 .... .F.........
0x01f36fe8: 00000000 00000000 00000000 00000000 ................
0x01f36ff8: 00000000 00000000 00000000 00000000 ................
0x01f37008: 00000000 00000000 00000000 00000000 ................
0x01f37018: 00000000 00000000 00000000 00000000 ................
0x01f37028: 00000006 01f36f38 3f800000 3f800000 ....8o.....?...?
0x01f37038: 3f800000 3f800000 3fff2cdc 00000000 ...?...?.,.?....
0x01f37048: 00000000 00000000 00000000 3fddb3d7 ...............?
0x01f37058: 00000000 00000000 00000000 00000000 ................
0x01f37068: 00000000 00000000 01f37170 009ad7dd ........pq......
0x01f37078: 01f37184 009ad7dd 01f37130 01f37150 .q......0q..Pq..
0x01f37088: 01f37160 01f370e0 01f37120 01f370c0 `q...p.. q...p..
0x01f37098: 01f37140 01f37100 01f37110 01f370f0 @q...q...q...p..
0x01f370a8: 01f370d0 01f370b0 00000000 00000000 .p...p..........
0x01f370b8: 3e99a567 00000000 00000000 3f800000 g..>...........?
0x01f370c8: 00000000 00000000 00000000 00000000 ................
0x01f370d8: b99d5800 3f800000 00000000 00000000 .X.....?........
0x01f370e8: 3e99a567 00000000 00000000 3fddb3d7 g..>...........?
0x01f370f8: 00000000 00000000 00000000 00000000 ................
0x01f37108: 00000000 3f800000 3fff2cdc 00000000 .......?.,.?....
0x01f37118: 00000000 00000000 3f800000 00000000 ...........?....
0x01f37128: 00000000 00000000 3fff2cdc 00000000 .........,.?....
0x01f37138: 00000000 00000000 00000000 00000000 ................
0x01f37148: bf800000 00000000 00000000 3fddb3d7 ...............?
0x01f37158: 00000000 00000000 00000000 00000000 ................
0x01f37168: 399d5800 bf800000 01f371a4 00bd0a36 .X.9.....q..6...
0x01f37178: bf800000 00000000 00000000 04c52700 .............'..
0x01f37188: 00bd0a36 04e145a0 04c52e28 04c52ea8 6....E..(.......
0x01f37198: 00000010 0447be74 04c52700 0447c550 ....t.G..'..P.G.
0x01f371a8: 0447c550 007a4a50 007a4a54 01f371fc P.G.PJz.TJz..q..
0x01f371b8: 00a12cea 0447c550 00000011 00a15ad7 .,..P.G......Z..
0x01f371c8: 00000000 00000000 3f800000 3f800000 ...........?...?
0x01f371d8: 3f800000 3f800000 3fff2cdc 00000000 ...?...?.,.?....
0x01f371e8: 00000000 00000000 00000000 3fddb3d7 ...............?
0x01f371f8: 00000000 00000000 00000000 00000000 ................
0x01f37208: 00000000 00000000 01f37310 009ad7dd .........s......
0x01f37218: 01f3731c 009ad7dd 01f372d0 01f372f0 .s.......r...r..
0x01f37228: 01f37300 01f37280 01f372c0 01f37260 .s...r...r..`r..
0x01f37238: 01f37284 059d639c 053304b0 01f37290 .r...c....3..r..
0x01f37248: 01f37270 01f37250 00000000 01f3726c pr..Pr......lr..
0x01f37258: 10001e35 0563d140 0563d140 0563d140 5...@.c.@.c.@.c.
0x01f37268: 00000000 00000000 10001ddd 05560530 ............0.V.
0x01f37278: 0563d140 01f37284 01f37288 01f372b4 @.c..r...r...r..
0x01f37288: 100f173f 00000000 01f37388 01f37418 ?........s...t..
0x01f37298: 059dc668 00010000 00000000 0563d140 h...........@.c.
0x01f372a8: 00000000 05314e70 044db1a0 00000004 ....pN1...M.....
0x01f372b8: 04e145a0 0563d140 00000000 01f37388 .E..@.c......s..
0x01f372c8: 1005d843 01f37418 01f37328 00000000 C....t..(s......
0x01f372d8: 01f372f0 00bdbcfe 0563d140 00000000 .r......@.c.....
0x01f372e8: 01f37388 01f37418 01f37318 00c0351a .s...t...s...5..
0x01f372f8: 0563d140 01f3f700 00000000 01f37328 @.c.........(s..
0x01f37308: 01f37418 00000000 04e145a0 00000000 .t.......E......
0x01f37318: 01f3741c 009adc8c 01f37418 00000000 .t.......t......
0x01f37328: 04c52e28 04c52ea8 01f373ec 01f3736c (........s..ls..
0x01f37338: 04c52700 01f37354 01071d91 04e14640 .'..Ts......@F..
0x01f37348: 01f373ec 04c52700 007a4ae4 01f37414 .s...'...Jz..t..
0x01f37358: 00a1dabc 007a4ae0 04e145a0 01f37478 .....Jz..E..xt..
0x01f37368: 01f3f620 3f800000 00000000 00000000  ......?........
0x01f37378: 00000000 00000000 3f800000 00000000 ...........?....
0x01f37388: 053304b0 00000000 00000000 00000000 ..3.............
0x01f37398: 00000000 00000000 00000000 00000000 ................
0x01f373a8: 00000000 00000000 00000000 00000000 ................
0x01f373b8: 00000005 00000000 3fddb3d7 00000004 ...........?....
0x01f373c8: 00000000 00000000 00000000 bf8013ab ................
0x01f373d8: bf800000 00000000 00000000 044db1a0 ..............M.
0x01f373e8: 04c52700 03fb2b60 01f37428 0447b7b0 .'..`+..(t....G.
0x01f373f8: 03faf910 019b38b0 00000000 00000000 .....8..........
0x01f37408: 044db1a0 0446b620 0447b7b0 01f37424 ..M. .F...G.$t..
0x01f37418: 00982ea2 01f37430 00982a96 0447b7b0 ....0t...*....G.
0x01f37428: 03fc1cf0 0447b7b0 01f37440 04e145a0 ......G.@t...E..
0x01f37438: 0447b7b0 00000002 01f3745c 00a1cd8e ..G.....\t......
0x01f37448: 0447b7b0 00000002 00000000 00000000 ..G.............
0x01f37458: 04e145a0 04e145a0 009b1e0d 03fb0730 .E...E......0...
0x01f37468: 044db1a0 01f3f620 04e145a0 01f3f5e0 ..M. ....E......
0x01f37478: 009b79a1 01f3f620 03fb7e90 04e145a0 .y.. ....~...E..
0x01f37488: 01f3fb80 00000000 00000001 00000000 ................
0x01f37498: 00000000 00000001 017bdac0 00000000 ..........{.....
0x01f374a8: 00000000 00000000 00000000 00000000 ................
0x01f374b8: 00000000 00000000 00000000 00000000 ................
0x01f374c8: 00000000 00000000 00000000 00000000 ................
0x01f374d8: 00000000 00000000 00000000 00000000 ................
0x01f374e8: 00000000 00000000 00000000 00000000 ................
0x01f374f8: 00000000 00000000 00000000 00000000 ................
0x01f37508: 00000000 00000000 00000000 00000000 ................
0x01f37518: 00000000 00000000 00000000 00000000 ................
0x01f37528: 00000000 00000000 00000000 00000000 ................
0x01f37538: 00000000 00000000 00000000 00000000 ................
0x01f37548: 00000000 00000000 00000000 00000000 ................
0x01f37558: 00000000 00000000 00000000 00000000 ................
0x01f37568: 00000000 00000000 00000000 00000000 ................
0x01f37578: 00000000 00000000 00000000 00000000 ................
0x01f37588: 00000000 00000000 00000000 00000000 ................
0x01f37598: 00000000 00000000 00000000 00000000 ................
0x01f375a8: 00000000 00000000 00000000 00000000 ................
0x01f375b8: 00000000 00000000 00000000 00000000 ................
0x01f375c8: 00000000 00000000 00000000 00000000 ................
0x01f375d8: 00000000 00000000 00000000 00000000 ................
0x01f375e8: 00000000 00000000 00000000 00000000 ................
0x01f375f8: 00000000 00000000 00000000 00000000 ................
0x01f37608: 00000000 00000000 00000000 00000000 ................
0x01f37618: 00000000 00000000 00000000 00000000 ................
0x01f37628: 00000000 00000000 00000000 00000000 ................
0x01f37638: 00000000 00000000 00000000 00000000 ................
0x01f37648: 00000000 00000000 00000000 00000000 ................
0x01f37658: 00000000 00000000 00000000 00000000 ................
0x01f37668: 00000000 00000000 00000000 00000000 ................
0x01f37678: 00000000 00000000 00000000 00000000 ................
0x01f37688: 00000000 00000000 00000000 00000000 ................
0x01f37698: 00000000 00000000 00000000 00000000 ................
0x01f376a8: 00000000 00000000 00000000 00000000 ................
0x01f376b8: 00000000 00000000 00000000 00000000 ................
0x01f376c8: 00000000 00000000 00000000 00000000 ................
0x01f376d8: 00000000 00000000 00000000 00000000 ................
0x01f376e8: 00000000 00000000 00000000 00000000 ................
0x01f376f8: 00000000 00000000 00000000 00000000 ................
0x01f37708: 00000000 00000000 00000000 00000000 ................
0x01f37718: 00000000 00000000 00000000 00000000 ................
0x01f37728: 00000000 00000000 00000000 00000000 ................
0x01f37738: 00000000 00000000 00000000 00000000 ................
0x01f37748: 00000000 00000000 00000000 00000000 ................
0x01f37758: 00000000 00000000 00000000 00000000 ................
0x01f37768: 00000000 00000000 00000000 00000000 ................
0x01f37778: 00000000 00000000 00000000 00000000 ................
0x01f37788: 00000000 00000000 00000000 00000000 ................
0x01f37798: 00000000 00000000 00000000 00000000 ................
0x01f377a8: 00000000 00000000 00000000 00000000 ................
0x01f377b8: 00000000 00000000 00000000 00000000 ................
0x01f377c8: 00000000 00000000 00000000 00000000 ................
0x01f377d8: 00000000 00000000 00000000 00000000 ................
0x01f377e8: 00000000 00000000 00000000 00000000 ................
0x01f377f8: 00000000 00000000 00000000 00000000 ................
0x01f37808: 00000000 00000000 00000000 00000000 ................
0x01f37818: 00000000 00000000 00000000 00000000 ................
0x01f37828: 00000000 00000000 00000000 00000000 ................
0x01f37838: 00000000 00000000 00000000 00000000 ................
0x01f37848: 00000000 00000000 00000000 00000000 ................
0x01f37858: 00000000 00000000 00000000 00000000 ................
0x01f37868: 00000000 00000000 00000000 00000000 ................
0x01f37878: 00000000 00000000 00000000 00000000 ................
0x01f37888: 00000000 00000000 00000000 00000000 ................
0x01f37898: 00000000 00000000 00000000 00000000 ................
0x01f378a8: 00000000 00000000 00000000 00000000 ................
0x01f378b8: 00000000 00000000 00000000 00000000 ................
0x01f378c8: 00000000 00000000 00000000 00000000 ................
0x01f378d8: 00000000 00000000 00000000 00000000 ................
0x01f378e8: 00000000 00000000 00000000 00000000 ................
0x01f378f8: 00000000 00000000 00000000 00000000 ................
0x01f37908: 00000000 00000000 00000000 00000000 ................
0x01f37918: 00000000 00000000 00000000 00000000 ................
0x01f37928: 00000000 00000000 00000000 00000000 ................
0x01f37938: 00000000 00000000 00000000 00000000 ................
0x01f37948: 00000000 00000000 00000000 00000000 ................
0x01f37958: 00000000 00000000 00000000 00000000 ................
0x01f37968: 00000000 00000000 00000000 00000000 ................
0x01f37978: 00000000 00000000 00000000 00000000 ................
0x01f37988: 00000000 00000000 00000000 00000000 ................
0x01f37998: 00000000 00000000 00000000 00000000 ................
0x01f379a8: 00000000 00000000 00000000 00000000 ................
0x01f379b8: 00000000 00000000 00000000 00000000 ................
0x01f379c8: 00000000 00000000 00000000 00000000 ................
0x01f379d8: 00000000 00000000 00000000 00000000 ................
0x01f379e8: 00000000 00000000 00000000 00000000 ................
0x01f379f8: 00000000 00000000 00000000 00000000 ................
0x01f37a08: 00000000 00000000 00000000 00000000 ................
0x01f37a18: 00000000 00000000 00000000 00000000 ................
0x01f37a28: 00000000 00000000 00000000 00000000 ................
0x01f37a38: 00000000 00000000 00000000 00000000 ................
0x01f37a48: 00000000 00000000 00000000 00000000 ................
0x01f37a58: 00000000 00000000 00000000 00000000 ................
0x01f37a68: 00000000 00000000 00000000 00000000 ................
0x01f37a78: 00000000 00000000 00000000 00000000 ................
0x01f37a88: 00000000 00000000 00000000 00000000 ................
0x01f37a98: 00000000 00000000 00000000 00000000 ................
0x01f37aa8: 00000000 00000000 00000000 00000000 ................
0x01f37ab8: 00000000 00000000 00000000 00000000 ................
0x01f37ac8: 00000000 00000000 00000000 00000000 ................
0x01f37ad8: 00000000 00000000 00000000 00000000 ................
0x01f37ae8: 00000000 00000000 00000000 00000000 ................
0x01f37af8: 00000000 00000000 00000000 00000000 ................
0x01f37b08: 00000000 00000000 00000000 00000000 ................
0x01f37b18: 00000000 00000000 00000000 00000000 ................
0x01f37b28: 00000000 00000000 00000000 00000000 ................
0x01f37b38: 00000000 00000000 00000000 00000000 ................
0x01f37b48: 00000000 00000000 00000000 00000000 ................
0x01f37b58: 00000000 00000000 00000000 00000000 ................
0x01f37b68: 00000000 00000000 00000000 00000000 ................
0x01f37b78: 00000000 00000000 c9925b8f 01f37e98 .........[...~..
0x01f37b88: 00000057 01f37c46 00000000 00000000 W...F|..........
0x01f37b98: 01f37b80 f5c1c47e 01f380b8 77d867b0 .{..~........g.w
0x01f37ba8: c9925be7 01f37ec0 00000057 01f37c6e .[...~..W...n|..
0x01f37bb8: 00000000 00000000 01f37ba8 f8651db5 .........{....e.
0x01f37bc8: 01f380e0 77d867b0 bf81a2a7 fffffffe .....g.w........
0x01f37bd8: 01f37e68 77d53db5 00000000 01f37c30 h~...=.w....0|..
0x01f37be8: 01f37eac 021dc4f0 77d53dca 01f37ec0 .~.......=.w.~..
0x01f37bf8: 01000014 00000000 00000000 01f37fc8 ................
0x01f37c08: 01000000 00000280 01f37ec0 00000016 .........~......
0x01f37c18: 01bd8560 0000001d 00000014 00000014 `...............
0x01f37c28: 004e0049 004f0044 00000000 00160014 I.N.D.O.........
0x01f37c38: 7ffe0030 01cce000 00360057 00000034 0.......W.6.4...
0x01f37c48: 003a0043 0057005c 004e0049 004f0044 C.:.\.W.I.N.D.O.
0x01f37c58: 00530057 0053005c 00730079 004f0057 W.S.\.S.y.s.W.O.
0x01f37c68: 00360057 00000034 00000000 00000000 W.6.4...........
0x01f37c78: 00000000 00000000 00000000 00000000 ................
0x01f37c88: 00000000 00000000 00000000 00000000 ................
0x01f37c98: 00000000 00000000 00000000 00000000 ................
0x01f37ca8: 00000000 00000000 00000000 00000000 ................
0x01f37cb8: 00000000 00000000 00000000 00000000 ................
0x01f37cc8: 00000000 00000000 00000000 00000000 ................
0x01f37cd8: 00000000 00000000 00000000 00000000 ................
0x01f37ce8: 00000000 00000000 00000000 00000000 ................
0x01f37cf8: 00000000 00000000 00000000 00000000 ................
0x01f37d08: 00000000 00000000 00000000 00000000 ................
0x01f37d18: 00000000 00000000 00000000 00000000 ................
0x01f37d28: 00000000 00000000 00000000 00000000 ................
0x01f37d38: 00000000 00000000 0235bec4 0000001c ..........5.....
0x01f37d48: 00000000 00000000 00000000 00000000 ................
0x01f37d58: 00000000 00000000 021dc4f0 00000000 ................
0x01f37d68: 00000000 00000000 3bd7b4ef 00000016 ...........;....
0x01f37d78: 00000000 021d3bc0 0029be08 01f37dbc .....;....)..}..
0x01f37d88: 00000000 01f37dbc 021dc4f0 00000000 .....}..........
0x01f37d98: 01f381e4 3bd7b4ef 021dd02c 021dcff0 .......;,.......
0x01f37da8: 00000000 01f37de4 00000000 01f37de4 .....}.......}..
0x01f37db8: 77d50788 77e204e4 01f3820c 77d6b071 ...w...w....q..w
0x01f37dc8: 021dc4f0 00000000 00000000 01f37df0 .............}..
0x01f37dd8: 77d4d24f 77e204e4 01f3820c 00000000 O..w...w........
0x01f37de8: c0000225 00000000 01f37e08 77d503ac %........~.....w
0x01f37df8: 01f37eac 021dc4f0 77d535e0 00000009 .~.......5.w....
0x01f37e08: 01f37e58 77d501b9 021dc4f0 77d501df X~.....w.......w
0x01f37e18: c9925e67 01f37eac 021dc4f0 76557cd0 g^...~.......|Uv
0x01f37e28: 00000046 01f37ec0 00000000 01f38148 F....~......H...
0x01f37e38: 00000000 77d867b0 01f37e18 fffffffe .....g.w.~......
0x01f37e48: 01f380e0 77d867b0 bf81a197 fffffffe .....g.w........
0x01f37e58: 77d501df 77d3adf0 00000200 c9925e3b ...w...w....;^..
0x01f37e68: 021dc4f0 01f380f0 77d9214e 77d3ae4a ........N!.wJ..w
0x01f37e78: c992a0cf 01f3820c 021dc4f0 76557cd0 .............|Uv
0x01f37e88: 00000024 00000001 00000000 00000000 $...............
0x01f37e98: 00000070 ffffffff ffffffff 77d3ad94 p..............w
0x01f37ea8: 77d3ae58 01f38148 021dc4f0 01f3820c X..wH...........
0x01f37eb8: 00000200 00000000 0100003e 01f37ec8 ........>....~..
0x01f37ec8: 003a0043 0057005c 004e0049 004f0044 C.:.\.W.I.N.D.O.
0x01f37ed8: 00530057 0053005c 00530059 00450054 W.S.\.S.Y.S.T.E.
0x01f37ee8: 0033004d 005c0032 00650073 00680063 M.3.2.\.s.e.c.h.
0x01f37ef8: 0073006f 002e0074 006c0064 0000006c o.s.t...d.l.l...
0x01f37f08: 00000000 00000000 00000000 00000000 ................
0x01f37f18: 00000000 00000000 00000000 00000000 ................
0x01f37f28: 00000000 00000000 00000000 00000000 ................
0x01f37f38: 00000000 00000000 00000000 00000000 ................
0x01f37f48: 00000000 00000000 00000000 00000000 ................
0x01f37f58: 00000000 00000000 00000000 00000000 ................
0x01f37f68: 00000000 00000000 00000000 00000000 ................
0x01f37f78: 00000000 00000000 00000000 00000000 ................
0x01f37f88: 00000000 00000000 00000000 00000000 ................
0x01f37f98: 00000000 00000000 01000000 01f37fa8 ................
0x01f37fa8: 00700000 002d0069 0073006d 0077002d ..p.i.-.m.s.-.w.
0x01f37fb8: 006e0069 0073002d 00630065 00720075 i.n.-.s.e.c.u.r.
0x01f37fc8: 01000000 01f37fd0 00700000 002d0069 ..........p.i.-.
0x01f37fd8: 0073006d 0077002d 006e0069 0073002d m.s.-.w.i.n.-.s.
0x01f37fe8: 00630065 00720075 00740069 002d0079 e.c.u.r.i.t.y.-.
0x01f37ff8: 00640073 006c0064 006c002d 002d0031 s.d.d.l.-.l.1.-.
0x01f38008: 002d0031 002e0030 006c0064 0000006c 1.-.0...d.l.l...
0x01f38018: 00000000 00000000 00000000 00000000 ................
0x01f38028: 00000000 00000000 00000000 00000000 ................
0x01f38038: 00000000 00000000 00000000 00000000 ................
0x01f38048: 00000000 00000000 00000000 00000000 ................
0x01f38058: 00000000 00000000 00000000 00000000 ................
0x01f38068: 00000000 00000000 00000000 00000000 ................
0x01f38078: c992a093 00000000 75c50000 00000001 ...........u....
0x01f38088: 00000000 75c500f8 00000000 01f38078 .......u....x...
0x01f38098: 00000000 01f383fc c992a0eb 00000000 ................
0x01f380a8: 75460000 00000001 77d4eb45 754600f8 ..Fu....E..w..Fu
0x01f380b8: 00000000 01f380a0 00000000 75dc42fc .............B.u
0x01f380c8: 75dc42c8 bf81a157 fffffffe 01f38120 .B.uW....... ...
0x01f380d8: 00000000 00000000 01f38234 77d3e7d3 ........4......w
0x01f380e8: 00000000 07b731c0 77d3e7ef 77d867b0 .....1.....w.g.w
0x01f380f8: 01f50810 ffff0000 01f30000 75d10000 ...............u
0x01f38108: 00000000 00000000 01f30000 75d1dff4 ...............u
0x01f38118: 00000000 75dc42c8 00000000 00000000 .....B.u........
0x01f38128: 00000000 00000000 00000000 00000000 ................
0x01f38138: 00000000 00000000 00000000 00000000 ................
0x01f38148: 00000000 00000000 00000000 00000000 ................
0x01f38158: 00000000 00000000 00000000 00000000 ................
0x01f38168: 00000000 00000000 00000000 00000000 ................
0x01f38178: 00000000 00000000 00000000 00000000 ................
0x01f38188: 00000000 00000000 00000000 00000000 ................
0x01f38198: 00000000 00000000 00000000 00000000 ................
0x01f381a8: 00000000 00000000 00000000 00000000 ................
0x01f381b8: 00000000 00000000 00000000 00000000 ................
0x01f381c8: 00000000 00000000 00000000 00000000 ................
0x01f381d8: 00000000 00000000 00000000 00000000 ................
0x01f381e8: 00000000 00000000 00000000 00000000 ................
0x01f381f8: 00000000 00000000 00000000 07b731c0 .............1..
0x01f38208: 00000000 00000000 00000000 00000000 ................
0x01f38218: 00000000 00000000 00000000 00000000 ................
0x01f38228: 0000001c c992a0cb 00000005 01f38288 ................
0x01f38238: 75d1f2a8 abababab 01f38288 75d18b07 ...u...........u
0x01f38248: 021d0000 00000000 75d18b20 a8741f67 ........ ..ug.t.
0x01f38258: 00000000 07b731c0 0036ed2a 00000064 .....1..*.6.d...
0x01f38268: 00020019 a8741f67 01f38254 01f384c0 ....g.t.T.......
0x01f38278: 01f3a530 75d4d820 dc5caeef fffffffe 0... ..u..\.....
0x01f38288: 75d18b20 768259a8 00000000 00000000  ..u.Y.v........
0x01f38298: 01f38528 768259b7 0000000e 00000000 (....Y.v........
0x01f382a8: 0000078c 01f38528 022a7050 006f0053 ....(...Pp*.S.o.
0x01f382b8: 00740066 00610077 00650072 004d005c f.t.w.a.r.e.\.M.
0x01f382c8: 00630069 006f0072 006f0073 00740066 i.c.r.o.s.o.f.t.
0x01f382d8: 0057005c 006e0069 006f0064 00730077 \.W.i.n.d.o.w.s.
0x01f382e8: 004e0020 005c0054 00750043 00720072  .N.T.\.C.u.r.r.
0x01f382f8: 006e0065 00560074 00720065 00690073 e.n.t.V.e.r.s.i.
0x01f38308: 006e006f 0050005c 006f0072 00690066 o.n.\.P.r.o.f.i.
0x01f38318: 0065006c 0069004c 00740073 0053005c l.e.L.i.s.t.\.S.
0x01f38328: 0031002d 0035002d 0032002d 002d0031 -.1.-.5.-.2.1.-.
0x01f38338: 00000004 75dc441c 75dc43e8 00330036 .....D.u.C.u6.3.
0x01f38348: 00390035 01f38398 00000000 00000000 5.9.............
0x01f38358: 01f384a8 77d3e7d3 01f38528 0000079c .......w(.......
0x01f38368: 77d3e7ef 00340039 01f50810 002d0000 ...w9.4.......-.
0x01f38378: 00300000 00320000 00000000 00000000 ..0...2.........
0x01f38388: 00000000 00000060 00000068 75dc43e8 ....`...h....C.u
0x01f38398: 00000000 00000000 00000000 00000000 ................
0x01f383a8: 00000000 00000000 00000000 00000000 ................
0x01f383b8: 00000000 00000000 00000000 01bb01cc ................
0x01f383c8: 77d5603a 07b733c8 00000000 00000020 :`.w.3...... ...
0x01f383d8: 00000028 77d7e61c 75d19d0c 00000d2c (......w...u,...
0x01f383e8: 00000000 00000000 00000000 01f38420 ............ ...
0x01f383f8: 16a1b7a8 00000800 00000000 00000000 ................
0x01f38408: a87419af 03fa7f50 00000800 169f2a44 ..t.P.......D*..
0x01f38418: 07b73140 0000000f 00000000 00000800 @1..............
0x01f38428: 03fa7f50 03fa7f50 01f38444 01f38444 P...P...D...D...
0x01f38438: 0100b104 00000027 00000001 01f38450 ....'.......P...
0x01f38448: 00ffde71 00000001 01f38468 00ffe0b8 q.......h.......
0x01f38458: 00000001 00000800 00000000 00000000 ................
0x01f38468: 01f38488 00b9f4b0 00000800 00000800 ................
0x01f38478: 00000000 16a1b7a8 01f384a8 00000800 ................
0x01f38488: 01f384b0 00df6d55 00000800 00000000 ....Um..........
0x01f38498: 16a1b7a8 01f384a8 044f0708 044f089c ..........O...O.
0x01f384a8: 00000800 00000000 01f384cc 0155f5cb ..............U.
0x01f384b8: 169f2a40 16a1b7a8 00000800 044f08b0 @*............O.
0x01f384c8: 00000000 01f384e8 0155f67f 16a1b7a8 ..........U.....
0x01f384d8: 00000800 044f08b0 0000b620 044f0708 ......O. .....O.
0x01f384e8: 00000000 c07f4000 044f089c 01f3851c .....@....O.....
0x01f384f8: 0155d495 ffffffdf 044f0708 00000000 ..U.......O.....
0x01f38508: 044f08b0 00000800 16a1bfa8 00000800 ..O.............
0x01f38518: 00000000 16a1b7a8 16a275d0 044f0708 .........u....O.
0x01f38528: 16a24010 01f3855c 0155db39 16a275d0 .@..\...9.U..u..
0x01f38538: 16a1b7a8 000005b8 046fb2c8 00000000 ..........o.....
0x01f38548: 16a24010 00000001 00000000 00003b78 .@..........x;..
0x01f38558: 00000000 01f3a914 0159291c 00000000 .........)Y.....
0x01f38568: 000005b8 00003b78 01f385a0 00000000 ....x;..........
0x01f38578: 046fb2c8 01592e1d 01f3a950 00000000 ..o...Y.P.......
0x01f38588: 00000000 16a24010 00000000 046fb2c8 .....@........o.
0x01f38598: 00000000 00000000 00003b78 00000000 ........x;......
0x01f385a8: 00000000 00000000 00000000 00000000 ................
0x01f385b8: 00000000 00000000 00000000 00000000 ................
0x01f385c8: 00000000 00000000 00000000 00000000 ................
0x01f385d8: 00000000 00000000 00000000 00000000 ................
0x01f385e8: 00000000 00000000 00000000 00000000 ................
0x01f385f8: 00000000 00000000 00000000 00000000 ................

Module 1
C:\WINDOWS\SYSTEM32\xinput1_3.dll
Image Base: 0x00400000  Image Size: 0x00016000
File Size:  81768       File Time:  2007-04-04_175342
Version:
   Company:    Microsoft Corporation
   Product:    Microsoft® DirectX for Windows®
   FileDesc:   Microsoft Common Controller API
   FileVer:    9.18.944.0
   ProdVer:    9.18.944.0

Module 2
D:\UnityProjects\LaboratorySimulation\Instances\master\LabCurrentProgram.exe
Image Base: 0x00970000  Image Size: 0x0122e000
File Size:  18200576    File Time:  2016-11-24_154838
Version:
   Company:    
   Product:    
   FileDesc:   
   FileVer:    5.5.0.46319
   ProdVer:    5.5.0.46319

Module 3
D:\UnityProjects\LaboratorySimulation\Instances\master\LabCurrentProgram_Data\Mono\mono.dll
Image Base: 0x10000000  Image Size: 0x00231000
File Size:  2115008     File Time:  2016-11-24_160056
Version:
   Company:    Unity Technologies
   Product:    libmono
   FileDesc:   Unity Technologies fork of mono runtime
   FileVer:    1.0.0.1
   ProdVer:    1.0.0.1

Module 4
C:\WINDOWS\System32\DriverStore\FileRepository\nvamwu.inf_amd64_d4715679184092a8\nvwgf2um.dll
Image Base: 0x629c0000  Image Size: 0x010f0000
File Size:  18140232    File Time:  2016-09-12_211002
Version:
   Company:    NVIDIA Corporation
   Product:    NVIDIA D3D10 drivers
   FileDesc:   NVIDIA D3D10 Driver, Version 369.09 
   FileVer:    21.21.13.6909
   ProdVer:    21.21.13.6909

Module 5
C:\Program Files\Oculus\Support\oculus-runtime\LibOVRRT32_1.dll
Image Base: 0x63ab0000  Image Size: 0x00166000
File Size:  1265616     File Time:  2016-12-13_180138
Version:
   Company:    Oculus VR
   Product:    LibOVRRT
   FileDesc:   321138-public TCID:1619314
   FileVer:    1.10.2.0
   ProdVer:    1.10.2.0

Module 6
D:\UnityProjects\LaboratorySimulation\Instances\master\LabCurrentProgram_Data\Plugins\OVRPlugin.dll
Image Base: 0x63c20000  Image Size: 0x00160000
File Size:  1412008     File Time:  2016-11-24_103300
Version:
   Company:    Oculus VR
   Product:    OVRPlugin
   FileDesc:   Oculus VR Plugin TCID:1546889
   FileVer:    1.10.0.0
   ProdVer:    1.10.0.0

Module 7
C:\WINDOWS\SYSTEM32\DDRAW.dll
Image Base: 0x64d50000  Image Size: 0x000ed000
File Size:  548352      File Time:  2016-12-01_114350
Version:
   Company:    Microsoft Corporation
   Product:    Betriebssystem Microsoft® Windows®
   FileDesc:   Microsoft DirectDraw
   FileVer:    10.0.14393.447
   ProdVer:    10.0.14393.447

Module 8
C:\WINDOWS\system32\nvapi.dll
Image Base: 0x65a00000  Image Size: 0x0036c000
File Size:  3460824     File Time:  2016-09-12_211000
Version:
   Company:    NVIDIA Corporation
   Product:    NVIDIA Windows drivers
   FileDesc:   NVIDIA NVAPI Library, Version 369.09 
   FileVer:    21.21.13.6909
   ProdVer:    21.21.13.6909

Module 9
C:\WINDOWS\system32\nvspcap.dll
Image Base: 0x65d70000  Image Size: 0x00151000
File Size:  1373864     File Time:  2016-03-24_063242
Version:
   Company:    NVIDIA Corporation
   Product:    NVIDIA GeForce Experience
   FileDesc:   NVIDIA Capture Server Proxy
   FileVer:    2.11.2.46
   ProdVer:    2.11.2.46

Module 10
C:\WINDOWS\SYSTEM32\d3d11.dll
Image Base: 0x661c0000  Image Size: 0x0022f000
File Size:  2277248     File Time:  2016-11-11_084802
Version:
   Company:    Microsoft Corporation
   Product:    Microsoft® Windows® Operating System
   FileDesc:   Direct3D 11 Runtime
   FileVer:    10.0.14393.479
   ProdVer:    10.0.14393.479

Module 11
C:\WINDOWS\SYSTEM32\dxgi.dll
Image Base: 0x66440000  Image Size: 0x00084000
File Size:  527880      File Time:  2016-11-11_084746
Version:
   Company:    Microsoft Corporation
   Product:    Microsoft® Windows® Operating System
   FileDesc:   DirectX Graphics Infrastructure
   FileVer:    10.0.14393.479
   ProdVer:    10.0.14393.479

Module 12
C:\WINDOWS\SYSTEM32\MSACM32.dll
Image Base: 0x6bc20000  Image Size: 0x00018000
File Size:  90912       File Time:  2016-07-16_124250
Version:
   Company:    Microsoft Corporation
   Product:    Betriebssystem Microsoft® Windows®
   FileDesc:   Microsoft ACM-Audiofilter
   FileVer:    10.0.14393.0
   ProdVer:    10.0.14393.0

Module 13
C:\WINDOWS\SYSTEM32\midimap.dll
Image Base: 0x6bd30000  Image Size: 0x00008000
File Size:  18944       File Time:  2016-07-16_124250
Version:
   Company:    Microsoft Corporation
   Product:    Microsoft® Windows® Operating System
   FileDesc:   Microsoft MIDI Mapper
   FileVer:    10.0.14393.0
   ProdVer:    10.0.14393.0

Module 14
C:\WINDOWS\SYSTEM32\OPENGL32.dll
Image Base: 0x6bd40000  Image Size: 0x000e0000
File Size:  786944      File Time:  2016-07-16_124306
Version:
   Company:    Microsoft Corporation
   Product:    Microsoft® Windows® Operating System
   FileDesc:   OpenGL Client DLL
   FileVer:    10.0.14393.0
   ProdVer:    10.0.14393.0

Module 15
C:\WINDOWS\system32\wbem\fastprox.dll
Image Base: 0x6c040000  Image Size: 0x000c2000
File Size:  779776      File Time:  2016-07-16_124258
Version:
   Company:    Microsoft Corporation
   Product:    Microsoft® Windows® Operating System
   FileDesc:   WMI Custom Marshaller
   FileVer:    10.0.14393.0
   ProdVer:    10.0.14393.0

Module 16
C:\WINDOWS\system32\wbem\wbemsvc.dll
Image Base: 0x6c110000  Image Size: 0x00010000
File Size:  48640       File Time:  2016-07-16_124258
Version:
   Company:    Microsoft Corporation
   Product:    Microsoft® Windows® Operating System
   FileDesc:   WMI
   FileVer:    10.0.14393.0
   ProdVer:    10.0.14393.0

Module 17
C:\WINDOWS\SYSTEM32\wbemcomn.dll
Image Base: 0x6c120000  Image Size: 0x00067000
File Size:  391168      File Time:  2016-07-16_124258
Version:
   Company:    Microsoft Corporation
   Product:    Microsoft® Windows® Operating System
   FileDesc:   WMI
   FileVer:    10.0.14393.0
   ProdVer:    10.0.14393.0

Module 18
C:\WINDOWS\system32\wbem\wbemprox.dll
Image Base: 0x6c330000  Image Size: 0x0000d000
File Size:  35328       File Time:  2016-07-16_124258
Version:
   Company:    Microsoft Corporation
   Product:    Microsoft® Windows® Operating System
   FileDesc:   WMI
   FileVer:    10.0.14393.0
   ProdVer:    10.0.14393.0

Module 19
C:\WINDOWS\SYSTEM32\pdh.dll
Image Base: 0x6d7e0000  Image Size: 0x00044000
File Size:  262656      File Time:  2016-12-01_114350
Version:
   Company:    Microsoft Corporation
   Product:    Betriebssystem Microsoft® Windows®
   FileDesc:   Windows Unterstützungs-DLL für Leistungsdaten
   FileVer:    10.0.14393.206
   ProdVer:    10.0.14393.206

Module 20
C:\WINDOWS\SYSTEM32\WININET.dll
Image Base: 0x6e6a0000  Image Size: 0x0022f000
File Size:  2256384     File Time:  2016-11-11_080342
Version:
   Company:    Microsoft Corporation
   Product:    Internet Explorer
   FileDesc:   Interneterweiterungen für Win32
   FileVer:    11.0.14393.479
   ProdVer:    11.0.14393.479

Module 21
C:\Windows\System32\rasadhlp.dll
Image Base: 0x6e9c0000  Image Size: 0x00008000
File Size:  13312       File Time:  2016-07-16_124302
Version:
   Company:    Microsoft Corporation
   Product:    Microsoft® Windows® Operating System
   FileDesc:   Remote Access AutoDial Helper
   FileVer:    10.0.14393.0
   ProdVer:    10.0.14393.0

Module 22
C:\WINDOWS\SYSTEM32\DNSAPI.dll
Image Base: 0x6e9d0000  Image Size: 0x0007c000
File Size:  496872      File Time:  2016-12-01_114352
Version:
   Company:    Microsoft Corporation
   Product:    Betriebssystem Microsoft® Windows®
   FileDesc:   DNS-Client-API-DLL
   FileVer:    10.0.14393.206
   ProdVer:    10.0.14393.206

Module 23
C:\WINDOWS\SYSTEM32\gpapi.dll
Image Base: 0x6ed60000  Image Size: 0x0001f000
File Size:  112120      File Time:  2016-07-16_124248
Version:
   Company:    Microsoft Corporation
   Product:    Betriebssystem Microsoft® Windows®
   FileDesc:   Gruppenrichtlinienclient-API
   FileVer:    10.0.14393.0
   ProdVer:    10.0.14393.0

Module 24
C:\WINDOWS\SYSTEM32\dhcpcsvc.DLL
Image Base: 0x6f250000  Image Size: 0x00014000
File Size:  63488       File Time:  2016-07-16_124256
Version:
   Company:    Microsoft Corporation
   Product:    Betriebssystem Microsoft® Windows®
   FileDesc:   DHCP Clientdienst
   FileVer:    10.0.14393.0
   ProdVer:    10.0.14393.0

Module 25
C:\WINDOWS\SYSTEM32\dhcpcsvc6.DLL
Image Base: 0x6f300000  Image Size: 0x00013000
File Size:  57344       File Time:  2016-07-16_124256
Version:
   Company:    Microsoft Corporation
   Product:    Betriebssystem Microsoft® Windows®
   FileDesc:   DHCPv6-Client
   FileVer:    10.0.14393.0
   ProdVer:    10.0.14393.0

Module 26
C:\WINDOWS\system32\rsaenh.dll
Image Base: 0x6f5d0000  Image Size: 0x0002f000
File Size:  184416      File Time:  2016-07-16_124256
Version:
   Company:    Microsoft Corporation
   Product:    Microsoft® Windows® Operating System
   FileDesc:   Microsoft Enhanced Cryptographic Provider
   FileVer:    10.0.14393.0
   ProdVer:    10.0.14393.0

Module 27
C:\WINDOWS\SYSTEM32\CRYPTSP.dll
Image Base: 0x6f600000  Image Size: 0x00013000
File Size:  68720       File Time:  2016-07-16_124256
Version:
   Company:    Microsoft Corporation
   Product:    Microsoft® Windows® Operating System
   FileDesc:   Cryptographic Service Provider API
   FileVer:    10.0.14393.0
   ProdVer:    10.0.14393.0

Module 28
C:\WINDOWS\WinSxS\x86_microsoft.windows.common-controls_6595b64144ccf1df_6.0.14393.447_none_89c64d28dafea4b9\comctl32.dll
Image Base: 0x6ffb0000  Image Size: 0x0020a000
File Size:  2122080     File Time:  2016-12-01_114400
Version:
   Company:    Microsoft Corporation
   Product:    Betriebssystem Microsoft® Windows®
   FileDesc:   Bibliothek für Steuerelemente
   FileVer:    6.10.14393.447
   ProdVer:    10.0.14393.447

Module 29
C:\WINDOWS\SYSTEM32\DbgHelp.dll
Image Base: 0x701c0000  Image Size: 0x00145000
File Size:  1220608     File Time:  2016-07-16_124258
Version:
   Company:    Microsoft
   Product:    Microsoft® Windows® Operating System
   FileDesc:   Windows Image Helper
   FileVer:    10.0.14321.1024
   ProdVer:    10.0.14321.1024

Module 30
C:\WINDOWS\SYSTEM32\wintypes.dll
Image Base: 0x70740000  Image Size: 0x000cf000
File Size:  846560      File Time:  2016-12-09_105926
Version:
   Company:    Microsoft Corporation
   Product:    Betriebssystem Microsoft® Windows®
   FileDesc:   Windows-Basistypen-DLL
   FileVer:    10.0.14393.576
   ProdVer:    10.0.14393.576

Module 31
C:\WINDOWS\SYSTEM32\AUDIOSES.DLL
Image Base: 0x70810000  Image Size: 0x0007b000
File Size:  484584      File Time:  2016-11-02_130138
Version:
   Company:    Microsoft Corporation
   Product:    Betriebssystem Microsoft® Windows®
   FileDesc:   Audiositzung
   FileVer:    10.0.14393.447
   ProdVer:    10.0.14393.447

Module 32
C:\WINDOWS\System32\PROPSYS.dll
Image Base: 0x70890000  Image Size: 0x0014f000
File Size:  1375456     File Time:  2016-07-16_124256
Version:
   Company:    Microsoft Corporation
   Product:    Windows® Search
   FileDesc:   Microsoft-Eigenschaftensystem
   FileVer:    7.0.14393.0
   ProdVer:    7.0.14393.0

Module 33
C:\WINDOWS\System32\MMDevApi.dll
Image Base: 0x709e0000  Image Size: 0x00058000
File Size:  352768      File Time:  2016-07-16_124250
Version:
   Company:    Microsoft Corporation
   Product:    Betriebssystem Microsoft® Windows®
   FileDesc:   MMDevice-API
   FileVer:    10.0.14393.0
   ProdVer:    10.0.14393.0

Module 34
C:\WINDOWS\system32\uxtheme.dll
Image Base: 0x70a40000  Image Size: 0x00075000
File Size:  457728      File Time:  2016-07-16_124306
Version:
   Company:    Microsoft Corporation
   Product:    Betriebssystem Microsoft® Windows®
   FileDesc:   Microsoft UxTheme-Bibliothek
   FileVer:    10.0.14393.0
   ProdVer:    10.0.14393.0

Module 35
C:\WINDOWS\SYSTEM32\MSWSOCK.dll
Image Base: 0x73fb0000  Image Size: 0x0004e000
File Size:  306016      File Time:  2016-07-16_124256
Version:
   Company:    Microsoft Corporation
   Product:    Betriebssystem Microsoft® Windows®
   FileDesc:   Microsoft Windows Sockets 2.0-Dienstanbieter
   FileVer:    10.0.14393.0
   ProdVer:    10.0.14393.0

Module 36
C:\WINDOWS\SYSTEM32\WINHTTP.dll
Image Base: 0x74000000  Image Size: 0x000a0000
File Size:  636928      File Time:  2016-12-01_114350
Version:
   Company:    Microsoft Corporation
   Product:    Betriebssystem Microsoft® Windows®
   FileDesc:   Windows HTTP-Dienste
   FileVer:    10.0.14393.351
   ProdVer:    10.0.14393.351

Module 37
C:\WINDOWS\system32\dwmapi.dll
Image Base: 0x740b0000  Image Size: 0x0001f000
File Size:  113504      File Time:  2016-12-01_114350
Version:
   Company:    Microsoft Corporation
   Product:    Betriebssystem Microsoft® Windows®
   FileDesc:   Microsoft Desktopfenster-Manager-API
   FileVer:    10.0.14393.206
   ProdVer:    10.0.14393.206

Module 38
C:\WINDOWS\SYSTEM32\WINMMBASE.dll
Image Base: 0x740d0000  Image Size: 0x00023000
File Size:  131208      File Time:  2016-07-16_124250
Version:
   Company:    Microsoft Corporation
   Product:    Microsoft® Windows® Operating System
   FileDesc:   Base Multimedia Extension API DLL
   FileVer:    10.0.14393.0
   ProdVer:    10.0.14393.0

Module 39
C:\WINDOWS\SYSTEM32\WINMM.dll
Image Base: 0x74100000  Image Size: 0x00024000
File Size:  135376      File Time:  2016-07-16_124250
Version:
   Company:    Microsoft Corporation
   Product:    Betriebssystem Microsoft® Windows®
   FileDesc:   MCI API-DLL
   FileVer:    10.0.14393.0
   ProdVer:    10.0.14393.0

Module 40
C:\WINDOWS\SYSTEM32\msacm32.drv
Image Base: 0x743f0000  Image Size: 0x0000a000
File Size:  24576       File Time:  2016-07-16_124250
Version:
   Company:    Microsoft Corporation
   Product:    Betriebssystem Microsoft® Windows®
   FileDesc:   Microsoft Soundmapper
   FileVer:    10.0.14393.0
   ProdVer:    10.0.14393.0

Module 41
C:\WINDOWS\SYSTEM32\AVRT.dll
Image Base: 0x74400000  Image Size: 0x00009000
File Size:  29448       File Time:  2016-07-16_124250
Version:
   Company:    Microsoft Corporation
   Product:    Microsoft® Windows® Operating System
   FileDesc:   Multimedia Realtime Runtime
   FileVer:    10.0.14393.0
   ProdVer:    10.0.14393.0

Module 42
C:\WINDOWS\SYSTEM32\ksuser.dll
Image Base: 0x74410000  Image Size: 0x00007000
File Size:  20672       File Time:  2016-07-16_124250
Version:
   Company:    Microsoft Corporation
   Product:    Microsoft® Windows® Operating System
   FileDesc:   User CSA Library
   FileVer:    10.0.14393.0
   ProdVer:    10.0.14393.0

Module 43
C:\WINDOWS\SYSTEM32\wdmaud.drv
Image Base: 0x74420000  Image Size: 0x00039000
File Size:  207360      File Time:  2016-07-16_124250
Version:
   Company:    Microsoft Corporation
   Product:    Betriebssystem Microsoft® Windows®
   FileDesc:   Winmm-Audiosystemtreiber
   FileVer:    10.0.14393.0
   ProdVer:    10.0.14393.0

Module 44
C:\WINDOWS\System32\perfos.dll
Image Base: 0x74460000  Image Size: 0x0000c000
File Size:  36352       File Time:  2016-07-16_124304
Version:
   Company:    Microsoft Corporation
   Product:    Betriebssystem Microsoft® Windows®
   FileDesc:   DLL für Windows-Systemleistungsobjekte
   FileVer:    10.0.14393.0
   ProdVer:    10.0.14393.0

Module 45
C:\WINDOWS\SYSTEM32\DCIMAN32.dll
Image Base: 0x74470000  Image Size: 0x00007000
File Size:  11776       File Time:  2016-07-16_124250
Version:
   Company:    Microsoft Corporation
   Product:    Microsoft® Windows® Operating System
   FileDesc:   DCI Manager
   FileVer:    10.0.14393.0
   ProdVer:    10.0.14393.0

Module 46
C:\WINDOWS\SYSTEM32\GLU32.dll
Image Base: 0x74480000  Image Size: 0x00025000
File Size:  141312      File Time:  2016-07-16_124306
Version:
   Company:    Microsoft Corporation
   Product:    Betriebssystem Microsoft® Windows®
   FileDesc:   OpenGL-Hilfsprogrammbibliotheks-DLL
   FileVer:    10.0.14393.0
   ProdVer:    10.0.14393.0

Module 47
C:\WINDOWS\SYSTEM32\HID.DLL
Image Base: 0x744b0000  Image Size: 0x0000a000
File Size:  25600       File Time:  2016-07-16_124250
Version:
   Company:    Microsoft Corporation
   Product:    Betriebssystem Microsoft® Windows®
   FileDesc:   HID-Benutzerbibliothek
   FileVer:    10.0.14393.0
   ProdVer:    10.0.14393.0

Module 48
C:\WINDOWS\SYSTEM32\IPHLPAPI.DLL
Image Base: 0x74520000  Image Size: 0x0002f000
File Size:  184416      File Time:  2016-07-16_124256
Version:
   Company:    Microsoft Corporation
   Product:    Betriebssystem Microsoft® Windows®
   FileDesc:   IP-Hilfs-API
   FileVer:    10.0.14393.0
   ProdVer:    10.0.14393.0

Module 49
C:\WINDOWS\System32\DEVOBJ.dll
Image Base: 0x746c0000  Image Size: 0x00022000
File Size:  132232      File Time:  2016-07-16_124256
Version:
   Company:    Microsoft Corporation
   Product:    Microsoft® Windows® Operating System
   FileDesc:   Device Information Set DLL
   FileVer:    10.0.14393.0
   ProdVer:    10.0.14393.0

Module 50
C:\WINDOWS\SYSTEM32\ntmarta.dll
Image Base: 0x746f0000  Image Size: 0x00028000
File Size:  154432      File Time:  2016-07-16_124256
Version:
   Company:    Microsoft Corporation
   Product:    Betriebssystem Microsoft® Windows®
   FileDesc:   Windows NT MARTA-Anbieter
   FileVer:    10.0.14393.0
   ProdVer:    10.0.14393.0

Module 51
C:\WINDOWS\SYSTEM32\bcrypt.dll
Image Base: 0x74720000  Image Size: 0x0001b000
File Size:  106896      File Time:  2016-12-09_110100
Version:
   Company:    Microsoft Corporation
   Product:    Betriebssystem Microsoft® Windows®
   FileDesc:   Bibliothek mit kryptografischen Primitiven von Windows
   FileVer:    10.0.14393.576
   ProdVer:    10.0.14393.576

Module 52
C:\WINDOWS\SYSTEM32\VERSION.dll
Image Base: 0x747b0000  Image Size: 0x00008000
File Size:  27360       File Time:  2016-07-16_124306
Version:
   Company:    Microsoft Corporation
   Product:    Microsoft® Windows® Operating System
   FileDesc:   Version Checking and File Installation Libraries
   FileVer:    10.0.14393.0
   ProdVer:    10.0.14393.0

Module 53
C:\WINDOWS\System32\CRYPTBASE.dll
Image Base: 0x747c0000  Image Size: 0x0000a000
File Size:  31528       File Time:  2016-07-16_124250
Version:
   Company:    Microsoft Corporation
   Product:    Microsoft® Windows® Operating System
   FileDesc:   Base cryptographic API DLL
   FileVer:    10.0.14393.0
   ProdVer:    10.0.14393.0

Module 54
C:\WINDOWS\System32\SspiCli.dll
Image Base: 0x747d0000  Image Size: 0x0001e000
File Size:  117240      File Time:  2016-12-09_105110
Version:
   Company:    Microsoft Corporation
   Product:    Microsoft® Windows® Operating System
   FileDesc:   Security Support Provider Interface
   FileVer:    10.0.14393.576
   ProdVer:    10.0.14393.576

Module 55
C:\WINDOWS\System32\ADVAPI32.dll
Image Base: 0x747f0000  Image Size: 0x00077000
File Size:  482392      File Time:  2016-07-16_124250
Version:
   Company:    Microsoft Corporation
   Product:    Betriebssystem Microsoft® Windows®
   FileDesc:   Erweiterte Windows 32 Base-API
   FileVer:    10.0.14393.0
   ProdVer:    10.0.14393.0

Module 56
C:\WINDOWS\System32\powrprof.dll
Image Base: 0x74870000  Image Size: 0x00045000
File Size:  275832      File Time:  2016-07-16_124256
Version:
   Company:    Microsoft Corporation
   Product:    Betriebssystem Microsoft® Windows®
   FileDesc:   Power Profile Helper DLL
   FileVer:    10.0.14393.0
   ProdVer:    10.0.14393.0

Module 57
C:\WINDOWS\System32\kernel.appcore.dll
Image Base: 0x748c0000  Image Size: 0x0000d000
File Size:  43416       File Time:  2016-07-16_124256
Version:
   Company:    Microsoft Corporation
   Product:    Microsoft® Windows® Operating System
   FileDesc:   AppModel API Host
   FileVer:    10.0.14393.0
   ProdVer:    10.0.14393.0

Module 58
C:\WINDOWS\System32\PSAPI.DLL
Image Base: 0x748d0000  Image Size: 0x00006000
File Size:  17048       File Time:  2016-07-16_124246
Version:
   Company:    Microsoft Corporation
   Product:    Microsoft® Windows® Operating System
   FileDesc:   Process Status Helper
   FileVer:    10.0.14393.0
   ProdVer:    10.0.14393.0

Module 59
C:\WINDOWS\System32\msvcrt.dll
Image Base: 0x748e0000  Image Size: 0x000be000
File Size:  773168      File Time:  2016-07-16_124250
Version:
   Company:    Microsoft Corporation
   Product:    Microsoft® Windows® Operating System
   FileDesc:   Windows NT CRT DLL
   FileVer:    7.0.14393.0
   ProdVer:    10.0.14393.0

Module 60
C:\WINDOWS\System32\SETUPAPI.dll
Image Base: 0x749a0000  Image Size: 0x0040b000
File Size:  4268368     File Time:  2016-07-16_124246
Version:
   Company:    Microsoft Corporation
   Product:    Betriebssystem Microsoft® Windows®
   FileDesc:   Windows Setup-API
   FileVer:    10.0.14393.0
   ProdVer:    10.0.14393.0

Module 61
C:\WINDOWS\System32\msvcp_win.dll
Image Base: 0x74db0000  Image Size: 0x0007b000
File Size:  498408      File Time:  2016-07-16_124256
Version:
   Company:    Microsoft Corporation
   Product:    Microsoft® Windows® Operating System
   FileDesc:   Microsoft® C Runtime Library
   FileVer:    10.0.14393.0
   ProdVer:    10.0.14393.0

Module 62
C:\WINDOWS\System32\combase.dll
Image Base: 0x74e30000  Image Size: 0x00211000
File Size:  2166752     File Time:  2016-12-09_105926
Version:
   Company:    Microsoft Corporation
   Product:    Betriebssystem Microsoft® Windows®
   FileDesc:   Microsoft COM für Windows
   FileVer:    10.0.14393.576
   ProdVer:    10.0.14393.576

Module 63
C:\WINDOWS\System32\clbcatq.dll
Image Base: 0x75050000  Image Size: 0x00084000
File Size:  528360      File Time:  2016-07-16_124248
Version:
   Company:    Microsoft Corporation
   Product:    Microsoft® Windows® Operating System
   FileDesc:   COM+ Configuration Catalog
   FileVer:    2001.12.10941.16384
   ProdVer:    10.0.14393.0

Module 64
C:\WINDOWS\System32\gdi32full.dll
Image Base: 0x750e0000  Image Size: 0x0015b000
File Size:  1415752     File Time:  2016-12-09_105222
Version:
   Company:    Microsoft Corporation
   Product:    Microsoft® Windows® Operating System
   FileDesc:   GDI Client DLL
   FileVer:    10.0.14393.576
   ProdVer:    10.0.14393.576

Module 65
C:\WINDOWS\System32\IMM32.dll
Image Base: 0x75240000  Image Size: 0x00025000
File Size:  144632      File Time:  2016-07-16_124250
Version:
   Company:    Microsoft Corporation
   Product:    Microsoft® Windows® Operating System
   FileDesc:   Multi-User Windows IMM32 API Client DLL
   FileVer:    10.0.14393.0
   ProdVer:    10.0.14393.0

Module 66
C:\WINDOWS\System32\WS2_32.dll
Image Base: 0x75270000  Image Size: 0x00063000
File Size:  402352      File Time:  2016-12-01_114400
Version:
   Company:    Microsoft Corporation
   Product:    Betriebssystem Microsoft® Windows®
   FileDesc:   Windows Socket 2.0-32-Bit-DLL
   FileVer:    10.0.14393.206
   ProdVer:    10.0.14393.206

Module 67
C:\WINDOWS\System32\NSI.dll
Image Base: 0x752e0000  Image Size: 0x00007000
File Size:  20152       File Time:  2016-07-16_124228
Version:
   Company:    Microsoft Corporation
   Product:    Microsoft® Windows® Operating System
   FileDesc:   NSI User-mode interface DLL
   FileVer:    10.0.14393.0
   ProdVer:    10.0.14393.0

Module 68
C:\WINDOWS\System32\sechost.dll
Image Base: 0x75460000  Image Size: 0x00041000
File Size:  255168      File Time:  2016-07-16_124250
Version:
   Company:    Microsoft Corporation
   Product:    Microsoft® Windows® Operating System
   FileDesc:   Host for SCM/SDDL/LSA Lookup APIs
   FileVer:    10.0.14393.0
   ProdVer:    10.0.14393.0

Module 69
C:\WINDOWS\System32\MSASN1.dll
Image Base: 0x754b0000  Image Size: 0x0000e000
File Size:  49080       File Time:  2016-07-16_124256
Version:
   Company:    Microsoft Corporation
   Product:    Microsoft® Windows® Operating System
   FileDesc:   ASN.1 Runtime APIs
   FileVer:    10.0.14393.0
   ProdVer:    10.0.14393.0

Module 70
C:\WINDOWS\System32\wintrust.DLL
Image Base: 0x754c0000  Image Size: 0x00044000
File Size:  272720      File Time:  2016-12-01_114350
Version:
   Company:    Microsoft Corporation
   Product:    Microsoft® Windows® Operating System
   FileDesc:   Microsoft Trust Verification APIs
   FileVer:    10.0.14393.351
   ProdVer:    10.0.14393.351

Module 71
C:\WINDOWS\System32\ole32.dll
Image Base: 0x75510000  Image Size: 0x000ea000
File Size:  959112      File Time:  2016-12-09_105616
Version:
   Company:    Microsoft Corporation
   Product:    Betriebssystem Microsoft® Windows®
   FileDesc:   Microsoft OLE für Windows
   FileVer:    10.0.14393.576
   ProdVer:    10.0.14393.576

Module 72
C:\WINDOWS\System32\MSCTF.dll
Image Base: 0x75600000  Image Size: 0x00135000
File Size:  1263856     File Time:  2016-11-11_083820
Version:
   Company:    Microsoft Corporation
   Product:    Betriebssystem Microsoft® Windows®
   FileDesc:   MSCTF-Server-DLL
   FileVer:    10.0.14393.479
   ProdVer:    10.0.14393.479

Module 73
C:\WINDOWS\System32\ucrtbase.dll
Image Base: 0x75740000  Image Size: 0x000e0000
File Size:  918304      File Time:  2016-07-16_124256
Version:
   Company:    Microsoft Corporation
   Product:    Microsoft® Windows® Operating System
   FileDesc:   Microsoft® C Runtime Library
   FileVer:    10.0.14393.0
   ProdVer:    10.0.14393.0

Module 74
C:\WINDOWS\System32\RPCRT4.dll
Image Base: 0x75820000  Image Size: 0x000c1000
File Size:  790760      File Time:  2016-12-01_114400
Version:
   Company:    Microsoft Corporation
   Product:    Betriebssystem Microsoft® Windows®
   FileDesc:   Remoteprozeduraufruf-Laufzeitumgebung
   FileVer:    10.0.14393.82
   ProdVer:    10.0.14393.82

Module 75
C:\WINDOWS\System32\cfgmgr32.dll
Image Base: 0x75950000  Image Size: 0x00036000
File Size:  213848      File Time:  2016-07-16_124256
Version:
   Company:    Microsoft Corporation
   Product:    Microsoft® Windows® Operating System
   FileDesc:   Configuration Manager DLL
   FileVer:    10.0.14393.0
   ProdVer:    10.0.14393.0

Module 76
C:\WINDOWS\System32\CRYPT32.dll
Image Base: 0x75990000  Image Size: 0x0017d000
File Size:  1556712     File Time:  2016-12-01_114350
Version:
   Company:    Microsoft Corporation
   Product:    Betriebssystem Microsoft® Windows®
   FileDesc:   Krypto-API32
   FileVer:    10.0.14393.351
   ProdVer:    10.0.14393.351

Module 77
C:\WINDOWS\System32\shcore.dll
Image Base: 0x75b10000  Image Size: 0x00088000
File Size:  549088      File Time:  2016-07-16_124244
Version:
   Company:    Microsoft Corporation
   Product:    Betriebssystem Microsoft® Windows®
   FileDesc:   SHCORE
   FileVer:    10.0.14393.0
   ProdVer:    10.0.14393.0

Module 78
C:\WINDOWS\System32\SHLWAPI.dll
Image Base: 0x75ba0000  Image Size: 0x00046000
File Size:  284056      File Time:  2016-07-16_124304
Version:
   Company:    Microsoft Corporation
   Product:    Betriebssystem Microsoft® Windows®
   FileDesc:   Shell Light-weight-Hilfsprogrammbibliothek
   FileVer:    10.0.14393.0
   ProdVer:    10.0.14393.0

Module 79
C:\WINDOWS\System32\KERNELBASE.dll
Image Base: 0x75c50000  Image Size: 0x001a1000
File Size:  1706488     File Time:  2016-11-11_090002
Version:
   Company:    Microsoft Corporation
   Product:    Betriebssystem Microsoft® Windows®
   FileDesc:   Client-DLL für Windows NT-Basis-API
   FileVer:    10.0.14393.479
   ProdVer:    10.0.14393.479

Module 80
C:\WINDOWS\System32\USER32.dll
Image Base: 0x75e00000  Image Size: 0x0015f000
File Size:  1435896     File Time:  2016-12-09_105222
Version:
   Company:    Microsoft Corporation
   Product:    Betriebssystem Microsoft® Windows®
   FileDesc:   Client-DLL für Windows USER-API (mehrere Benutzer)
   FileVer:    10.0.14393.576
   ProdVer:    10.0.14393.576

Module 81
C:\WINDOWS\System32\windows.storage.dll
Image Base: 0x76050000  Image Size: 0x0056e000
File Size:  5722832     File Time:  2016-11-11_084716
Version:
   Company:    Microsoft Corporation
   Product:    Betriebssystem Microsoft® Windows®
   FileDesc:   Microsoft WinRT Storage-API
   FileVer:    10.0.14393.479
   ProdVer:    10.0.14393.479

Module 82
C:\WINDOWS\System32\win32u.dll
Image Base: 0x765c0000  Image Size: 0x00015000
File Size:  79536       File Time:  2016-12-01_114350
Version:
   Company:    Microsoft Corporation
   Product:    Microsoft® Windows® Operating System
   FileDesc:   Win32u
   FileVer:    10.0.14393.51
   ProdVer:    10.0.14393.51

Module 83
C:\WINDOWS\System32\imagehlp.dll
Image Base: 0x765e0000  Image Size: 0x00019000
File Size:  93984       File Time:  2016-07-16_124228
Version:
   Company:    Microsoft Corporation
   Product:    Microsoft® Windows® Operating System
   FileDesc:   Windows NT Image Helper
   FileVer:    10.0.14393.0
   ProdVer:    10.0.14393.0

Module 84
C:\WINDOWS\System32\GDI32.dll
Image Base: 0x76700000  Image Size: 0x0002b000
File Size:  170960      File Time:  2016-12-01_114352
Version:
   Company:    Microsoft Corporation
   Product:    Microsoft® Windows® Operating System
   FileDesc:   GDI Client DLL
   FileVer:    10.0.14393.206
   ProdVer:    10.0.14393.206

Module 85
C:\WINDOWS\System32\KERNEL32.DLL
Image Base: 0x76730000  Image Size: 0x000e0000
File Size:  616048      File Time:  2016-07-16_124246
Version:
   Company:    Microsoft Corporation
   Product:    Betriebssystem Microsoft® Windows®
   FileDesc:   Client-DLL für Windows NT-Basis-API
   FileVer:    10.0.14393.0
   ProdVer:    10.0.14393.0

Module 86
C:\WINDOWS\System32\profapi.dll
Image Base: 0x76820000  Image Size: 0x0000f000
File Size:  54752       File Time:  2016-07-16_124250
Version:
   Company:    Microsoft Corporation
   Product:    Microsoft® Windows® Operating System
   FileDesc:   User Profile Basic API
   FileVer:    10.0.14393.0
   ProdVer:    10.0.14393.0

Module 87
C:\WINDOWS\System32\OLEAUT32.dll
Image Base: 0x76830000  Image Size: 0x00094000
File Size:  601712      File Time:  2016-12-01_114350
Version:
   Company:    Microsoft Corporation
   Product:    Microsoft® Windows® Operating System
   FileDesc:   OLEAUT32.DLL
   FileVer:    10.0.14393.447
   ProdVer:    10.0.14393.447

Module 88
C:\WINDOWS\System32\bcryptPrimitives.dll
Image Base: 0x768d0000  Image Size: 0x0005a000
File Size:  367208      File Time:  2016-07-16_124228
Version:
   Company:    Microsoft Corporation
   Product:    Microsoft® Windows® Operating System
   FileDesc:   Windows Cryptographic Primitives Library
   FileVer:    10.0.14393.0
   ProdVer:    10.0.14393.0

Module 89
C:\WINDOWS\System32\SHELL32.dll
Image Base: 0x76930000  Image Size: 0x013d9000
File Size:  20969928    File Time:  2016-12-21_060136
Version:
   Company:    Microsoft Corporation
   Product:    Betriebssystem Microsoft® Windows®
   FileDesc:   Allgemeine Windows-Shell-DLL
   FileVer:    10.0.14393.693
   ProdVer:    10.0.14393.693

Module 90
C:\WINDOWS\SYSTEM32\ntdll.dll
Image Base: 0x77d10000  Image Size: 0x00183000
File Size:  1572768     File Time:  2016-11-11_090000
Version:
   Company:    Microsoft Corporation
   Product:    Betriebssystem Microsoft® Windows®
   FileDesc:   DLL für NT-Layer
   FileVer:    10.0.14393.479
   ProdVer:    10.0.14393.479


== [end of error.log] ==
